<?xml version="1.0" encoding="UTF-8"?>
<!-- Generated by org.testng.reporters.JUnitXMLReporter -->
<testsuite hostname="lenovo-PC" ignored="0" name="demotest" tests="2" failures="0" timestamp="2021-04-30T09:34:42 IST" time="7.133" errors="0">
  <testcase name="@BeforeSuite beforeSuite" time="0.222" classname="base.BaseTest">
    <failure type="java.lang.IllegalStateException" message="The driver executable does not exist: C:\Users\lenovo\Desktop\eclipse\test.framework\&amp;quot;C:\Users\lenovo\Documents\chromedriver.exe&amp;quot;">
      <![CDATA[java.lang.IllegalStateException: The driver executable does not exist: C:\Users\lenovo\Desktop\eclipse\test.framework\"C:\Users\lenovo\Documents\chromedriver.exe"
at com.google.common.base.Preconditions.checkState(Preconditions.java:585)
at org.openqa.selenium.remote.service.DriverService.checkExecutable(DriverService.java:146)
at org.openqa.selenium.remote.service.DriverService.findExecutable(DriverService.java:141)
at org.openqa.selenium.chrome.ChromeDriverService.access$000(ChromeDriverService.java:35)
at org.openqa.selenium.chrome.ChromeDriverService$Builder.findDefaultExecutable(ChromeDriverService.java:159)
at org.openqa.selenium.remote.service.DriverService$Builder.build(DriverService.java:355)
at org.openqa.selenium.chrome.ChromeDriverService.createDefaultService(ChromeDriverService.java:94)
at org.openqa.selenium.chrome.ChromeDriver.<init>(ChromeDriver.java:123)
at base.BaseTest.beforeSuite(BaseTest.java:40)
at base.RunXml.main(RunXml.java:25)
... Removed 16 stack frames]]>
    </failure>
  </testcase> <!-- @BeforeSuite beforeSuite -->
  <testcase name="@BeforeMethod beforeMethod" time="-1.619755482642E9" classname="tests.SimpleFormTests">
    <skipped/>
  </testcase> <!-- @BeforeMethod beforeMethod -->
  <testcase name="@AfterMethod afterMethod" time="-1.619755482651E9" classname="tests.SimpleFormTests">
    <skipped/>
  </testcase> <!-- @AfterMethod afterMethod -->
  <testcase name="@BeforeMethod beforeMethod" time="-1.619755482652E9" classname="tests.SimpleFormTests">
    <skipped/>
  </testcase> <!-- @BeforeMethod beforeMethod -->
  <testcase name="@AfterMethod afterMethod" time="-1.619755482653E9" classname="tests.SimpleFormTests">
    <skipped/>
  </testcase> <!-- @AfterMethod afterMethod -->
  <testcase name="@AfterClass afterClass" time="-1.619755482655E9" classname="tests.WebFormBase">
    <skipped/>
  </testcase> <!-- @AfterClass afterClass -->
  <testcase name="sumOfTwoFields" time="0.0" classname="tests.SimpleFormTests">
    <skipped/>
  </testcase> <!-- sumOfTwoFields -->
  <testcase name="sumOfTwoFields" time="0.0" classname="tests.SimpleFormTests">
    <skipped/>
  </testcase> <!-- sumOfTwoFields -->
</testsuite> <!-- demotest -->
